[2024-05-27 23:06:09] [ INFO ] [BD:51] tabla creada con exito
[2024-05-27 23:13:08] [ INFO ] [BD:51] tabla creada con exito
[2024-05-27 23:14:20] [ INFO ] [BD:51] tabla creada con exito
[2024-05-27 23:15:35] [ INFO ] [OdontologoDaoH2:25] iniciando la operacion de guardado
[2024-05-27 23:15:35] [ INFO ] [OdontologoDaoH2:30] Conexion a la BD ODONTOLOGOS establecida
[2024-05-27 23:15:35] [ INFO ] [OdontologoDaoH2:40] Odontologo guardado:Juanito
[2024-05-27 23:15:53] [ INFO ] [BD:51] tabla creada con exito
[2024-05-27 23:16:01] [ INFO ] [OdontologoDaoH2:25] iniciando la operacion de guardado
[2024-05-27 23:16:01] [ INFO ] [OdontologoDaoH2:30] Conexion a la BD ODONTOLOGOS establecida
[2024-05-27 23:16:01] [ INFO ] [OdontologoDaoH2:40] Odontologo guardado:Juanito
[2024-05-27 23:17:53] [ INFO ] [BD:51] tabla creada con exito
[2024-05-27 23:18:11] [ INFO ] [OdontologoDaoH2:25] iniciando la operacion de guardado
[2024-05-27 23:18:11] [ INFO ] [OdontologoDaoH2:30] Conexion a la BD ODONTOLOGOS establecida
[2024-05-27 23:18:11] [ INFO ] [OdontologoDaoH2:40] Odontologo guardado:Juanito
[2024-05-27 23:18:36] [ INFO ] [BD:51] tabla creada con exito
[2024-05-27 23:18:46] [ INFO ] [OdontologoDaoH2:25] iniciando la operacion de guardado
[2024-05-27 23:18:46] [ INFO ] [OdontologoDaoH2:30] Conexion a la BD ODONTOLOGOS establecida
[2024-05-27 23:18:46] [ INFO ] [OdontologoDaoH2:40] Odontologo guardado:Juanito
[2024-05-27 23:19:12] [ INFO ] [BD:51] tabla creada con exito
[2024-05-27 23:19:25] [ INFO ] [OdontologoDaoH2:25] iniciando la operacion de guardado
[2024-05-27 23:19:25] [ INFO ] [OdontologoDaoH2:30] Conexion a la BD ODONTOLOGOS establecida
[2024-05-27 23:19:25] [ INFO ] [OdontologoDaoH2:40] Odontologo guardado:Juanito
[2024-05-27 23:20:23] [ INFO ] [BD:51] tabla creada con exito
[2024-05-27 23:20:33] [ INFO ] [OdontologoDaoH2:25] iniciando la operacion de guardado
[2024-05-27 23:20:33] [ INFO ] [OdontologoDaoH2:30] Conexion a la BD ODONTOLOGOS establecida
[2024-05-27 23:20:33] [ INFO ] [OdontologoDaoH2:40] Odontologo guardado:Juanito
[2024-05-27 23:24:08] [ INFO ] [BD:51] tabla creada con exito
[2024-05-27 23:24:20] [ INFO ] [OdontologoDaoH2:25] iniciando la operacion de guardado
[2024-05-27 23:24:20] [ INFO ] [OdontologoDaoH2:30] Conexion a la BD ODONTOLOGOS establecida
[2024-05-27 23:24:20] [ INFO ] [OdontologoDaoH2:40] Odontologo guardado:Juanito
[2024-05-27 23:26:05] [ INFO ] [BD:51] tabla creada con exito
[2024-05-27 23:26:23] [ INFO ] [OdontologoDaoH2:25] iniciando la operacion de guardado
[2024-05-27 23:26:23] [ INFO ] [OdontologoDaoH2:30] Conexion a la BD ODONTOLOGOS establecida
[2024-05-27 23:26:23] [ INFO ] [OdontologoDaoH2:40] Odontologo guardado:Luisito
[2024-05-27 23:29:07] [ INFO ] [BD:51] tabla creada con exito
[2024-05-27 23:29:17] [ INFO ] [OdontologoDaoH2:25] iniciando la operacion de guardado
[2024-05-27 23:29:17] [ INFO ] [OdontologoDaoH2:30] Conexion a la BD ODONTOLOGOS establecida
[2024-05-27 23:29:17] [ INFO ] [OdontologoDaoH2:40] Odontologo guardado:Luisito
[2024-05-27 23:30:14] [ INFO ] [BD:51] tabla creada con exito
[2024-05-27 23:30:24] [ INFO ] [OdontologoDaoH2:25] iniciando la operacion de guardado
[2024-05-27 23:30:24] [ INFO ] [OdontologoDaoH2:30] Conexion a la BD ODONTOLOGOS establecida
[2024-05-27 23:30:24] [ INFO ] [OdontologoDaoH2:40] Odontologo guardado:Luisito
[2024-05-27 23:40:58] [ INFO ] [BD:51] tabla creada con exito
[2024-05-27 23:41:45] [ INFO ] [OdontologoDaoH2:25] iniciando la operacion de guardado
[2024-05-27 23:41:45] [ INFO ] [OdontologoDaoH2:30] Conexion a la BD ODONTOLOGOS establecida
[2024-05-27 23:41:45] [ INFO ] [OdontologoDaoH2:40] Odontologo guardado:Luisito
[2024-05-27 23:43:25] [ INFO ] [OdontologoDaoH2:142] Conexion a la BD Odontologos establecida
[2024-05-27 23:43:25] [ INFO ] [OdontologoDaoH2:160] Odontologos encontrados[Odontologo{id=1, numeroMatricula=123456, nombre='Pepe', apellido='Perez'}, Odontologo{id=2, numeroMatricula=123456, nombre='John', apellido='Doe'}, Odontologo{id=3, numeroMatricula=10003, nombre='Luisito', apellido='Jimenez'}]
[2024-05-27 23:44:34] [ INFO ] [OdontologoDaoH2:50] iniciando la busqueda de un odontologo por id: 2
[2024-05-27 23:44:34] [ INFO ] [OdontologoDaoH2:55] Conexion a la BD ODONTOLOGOS establecida
[2024-05-27 23:44:34] [ INFO ] [OdontologoDaoH2:68] PACIENTE encontrado: Odontologo{id=2, numeroMatricula=123456, nombre='John', apellido='Doe'}
[2024-05-27 23:50:26] [ INFO ] [OdontologoDaoH2:50] iniciando la busqueda de un odontologo por id: 3
[2024-05-27 23:50:26] [ INFO ] [OdontologoDaoH2:55] Conexion a la BD ODONTOLOGOS establecida
[2024-05-27 23:50:26] [ INFO ] [OdontologoDaoH2:68] PACIENTE encontrado: Odontologo{id=3, numeroMatricula=10003, nombre='Luisito', apellido='Jimenez'}
[2024-05-27 23:51:39] [ INFO ] [OdontologoDaoH2:50] iniciando la busqueda de un odontologo por id: 3
[2024-05-27 23:51:39] [ INFO ] [OdontologoDaoH2:55] Conexion a la BD ODONTOLOGOS establecida
[2024-05-27 23:51:39] [ INFO ] [OdontologoDaoH2:68] PACIENTE encontrado: Odontologo{id=3, numeroMatricula=10003, nombre='Luisito', apellido='Jimenez'}
[2024-05-27 23:51:39] [ INFO ] [OdontologoDaoH2:88] iniciando la actualizacion de : Carolina con id : 3
[2024-05-27 23:51:39] [ WARN ] [OdontologoDaoH2:101] Valor Invalido "7" para el parametro "parameterIndex"
Invalid value "7" for parameter "parameterIndex" [90008-224]
[2024-05-27 23:52:03] [ INFO ] [OdontologoDaoH2:50] iniciando la busqueda de un odontologo por id: 3
[2024-05-27 23:52:03] [ INFO ] [OdontologoDaoH2:55] Conexion a la BD ODONTOLOGOS establecida
[2024-05-27 23:52:03] [ INFO ] [OdontologoDaoH2:68] PACIENTE encontrado: Odontologo{id=3, numeroMatricula=10003, nombre='Luisito', apellido='Jimenez'}
[2024-05-27 23:52:03] [ INFO ] [OdontologoDaoH2:50] iniciando la busqueda de un odontologo por id: 3
[2024-05-27 23:52:03] [ INFO ] [OdontologoDaoH2:55] Conexion a la BD ODONTOLOGOS establecida
[2024-05-27 23:52:03] [ INFO ] [OdontologoDaoH2:68] PACIENTE encontrado: Odontologo{id=3, numeroMatricula=10003, nombre='Luisito', apellido='Jimenez'}
[2024-05-27 23:52:03] [ INFO ] [OdontologoDaoH2:108] Iniciando la operación de eliminación de odontologo con id: 3
[2024-05-27 23:52:03] [ INFO ] [OdontologoDaoH2:112] Conexion a la BD ODONTOLOGOS establecida
[2024-05-27 23:52:03] [ INFO ] [OdontologoDaoH2:119] Odontologo eliminado con éxito.3
[2024-05-27 23:52:16] [ INFO ] [OdontologoDaoH2:142] Conexion a la BD Odontologos establecida
[2024-05-27 23:52:16] [ INFO ] [OdontologoDaoH2:160] Odontologos encontrados[Odontologo{id=1, numeroMatricula=123456, nombre='Pepe', apellido='Perez'}, Odontologo{id=2, numeroMatricula=123456, nombre='John', apellido='Doe'}]
[2024-05-28 00:00:21] [ INFO ] [BD:51] tabla creada con exito
[2024-05-28 00:01:41] [ INFO ] [OdontologoDaoH2:50] iniciando la busqueda de un odontologo por id: 3
[2024-05-28 00:01:41] [ INFO ] [OdontologoDaoH2:55] Conexion a la BD ODONTOLOGOS establecida
[2024-05-28 00:01:41] [ WARN ] [OdontologoDaoH2:70] No se encontró ningún PACIENTE con el ID proporcionado: 3
[2024-05-28 00:02:34] [ INFO ] [OdontologoDaoH2:25] iniciando la operacion de guardado
[2024-05-28 00:02:34] [ INFO ] [OdontologoDaoH2:30] Conexion a la BD ODONTOLOGOS establecida
[2024-05-28 00:02:34] [ INFO ] [OdontologoDaoH2:40] Odontologo guardado:Luisito
[2024-05-28 00:03:24] [ INFO ] [OdontologoDaoH2:50] iniciando la busqueda de un odontologo por id: 1
[2024-05-28 00:03:24] [ INFO ] [OdontologoDaoH2:55] Conexion a la BD ODONTOLOGOS establecida
[2024-05-28 00:03:24] [ INFO ] [OdontologoDaoH2:68] PACIENTE encontrado: Odontologo{id=1, numeroMatricula=123456, nombre='Pepe', apellido='Perez'}
[2024-05-28 00:03:40] [ INFO ] [OdontologoDaoH2:50] iniciando la busqueda de un odontologo por id: 1
[2024-05-28 00:03:40] [ INFO ] [OdontologoDaoH2:55] Conexion a la BD ODONTOLOGOS establecida
[2024-05-28 00:03:40] [ INFO ] [OdontologoDaoH2:68] PACIENTE encontrado: Odontologo{id=1, numeroMatricula=123456, nombre='Pepe', apellido='Perez'}
[2024-05-28 00:04:39] [ INFO ] [BD:51] tabla creada con exito
[2024-05-28 00:04:50] [ INFO ] [OdontologoDaoH2:50] iniciando la busqueda de un odontologo por id: 2
[2024-05-28 00:04:50] [ INFO ] [OdontologoDaoH2:55] Conexion a la BD ODONTOLOGOS establecida
[2024-05-28 00:04:50] [ INFO ] [OdontologoDaoH2:68] PACIENTE encontrado: Odontologo{id=2, numeroMatricula=123456, nombre='John', apellido='Doe'}
[2024-05-28 00:04:50] [ INFO ] [OdontologoDaoH2:88] iniciando la actualizacion de : Carolina con id : 2
[2024-05-28 00:04:50] [ WARN ] [OdontologoDaoH2:101] Valor Invalido "7" para el parametro "parameterIndex"
Invalid value "7" for parameter "parameterIndex" [90008-224]
[2024-05-28 00:05:06] [ INFO ] [OdontologoDaoH2:50] iniciando la busqueda de un odontologo por id: 3
[2024-05-28 00:05:06] [ INFO ] [OdontologoDaoH2:55] Conexion a la BD ODONTOLOGOS establecida
[2024-05-28 00:05:06] [ WARN ] [OdontologoDaoH2:70] No se encontró ningún PACIENTE con el ID proporcionado: 3
[2024-05-28 00:05:19] [ INFO ] [OdontologoDaoH2:142] Conexion a la BD Odontologos establecida
[2024-05-28 00:05:19] [ INFO ] [OdontologoDaoH2:160] Odontologos encontrados[Odontologo{id=1, numeroMatricula=123456, nombre='Pepe', apellido='Perez'}, Odontologo{id=2, numeroMatricula=123456, nombre='John', apellido='Doe'}]
[2024-05-28 00:05:40] [ INFO ] [OdontologoDaoH2:142] Conexion a la BD Odontologos establecida
[2024-05-28 00:05:40] [ INFO ] [OdontologoDaoH2:160] Odontologos encontrados[Odontologo{id=1, numeroMatricula=123456, nombre='Pepe', apellido='Perez'}, Odontologo{id=2, numeroMatricula=123456, nombre='John', apellido='Doe'}]
[2024-05-28 00:09:51] [ WARN ] [BD:54] La base de datos puede que ya esté siendo utilizada: "/Users/anahiantoalzamora/C2ClinicaOdontologica.mv.db". Soluciones Posibles: cierre todas las otras conexiones; use el modo server
Database may be already in use: "/Users/anahiantoalzamora/C2ClinicaOdontologica.mv.db". Possible solutions: close all other connection(s); use the server mode [90020-224]
[2024-05-28 00:10:34] [ INFO ] [OdontologoDaoH2:142] Conexion a la BD Odontologos establecida
[2024-05-28 00:10:34] [ INFO ] [OdontologoDaoH2:160] Odontologos encontrados[Odontologo{id=1, numeroMatricula=123456, nombre='Pepe', apellido='Perez'}, Odontologo{id=2, numeroMatricula=10056, nombre='Carolina', apellido='Gutierrez'}]
[2024-05-28 00:18:35] [ INFO ] [OdontologoDaoH2:25] iniciando la operacion de guardado
[2024-05-28 00:18:35] [ INFO ] [OdontologoDaoH2:30] Conexion a la BD ODONTOLOGOS establecida
[2024-05-28 00:18:35] [ INFO ] [OdontologoDaoH2:40] Odontologo guardado:Luisito
[2024-05-28 00:18:41] [ INFO ] [OdontologoDaoH2:50] iniciando la busqueda de un odontologo por id: 3
[2024-05-28 00:18:41] [ INFO ] [OdontologoDaoH2:55] Conexion a la BD ODONTOLOGOS establecida
[2024-05-28 00:18:41] [ INFO ] [OdontologoDaoH2:68] PACIENTE encontrado: Odontologo{id=3, numeroMatricula=10003, nombre='Luisito', apellido='Jimenez'}
[2024-05-28 00:18:41] [ INFO ] [OdontologoDaoH2:50] iniciando la busqueda de un odontologo por id: 3
[2024-05-28 00:18:41] [ INFO ] [OdontologoDaoH2:55] Conexion a la BD ODONTOLOGOS establecida
[2024-05-28 00:18:41] [ INFO ] [OdontologoDaoH2:68] PACIENTE encontrado: Odontologo{id=3, numeroMatricula=10003, nombre='Luisito', apellido='Jimenez'}
[2024-05-28 00:18:41] [ INFO ] [OdontologoDaoH2:108] Iniciando la operación de eliminación de odontologo con id: 3
[2024-05-28 00:18:41] [ INFO ] [OdontologoDaoH2:112] Conexion a la BD ODONTOLOGOS establecida
[2024-05-28 00:18:41] [ INFO ] [OdontologoDaoH2:119] Odontologo eliminado con éxito.3
[2024-05-29 21:07:00] [ INFO ] [BD:51] tabla creada con exito
[2024-05-29 21:07:29] [ INFO ] [OdontologoDaoH2:142] Conexion a la BD Odontologos establecida
[2024-05-29 21:07:29] [ INFO ] [OdontologoDaoH2:160] Odontologos encontrados[Odontologo{id=1, numeroMatricula=123456, nombre='Pepe', apellido='Perez'}, Odontologo{id=2, numeroMatricula=123456, nombre='John', apellido='Doe'}]
[2024-05-29 21:12:09] [ INFO ] [BD:51] tabla creada con exito
[2024-05-29 21:12:52] [ INFO ] [BD:51] tabla creada con exito
[2024-05-29 21:14:00] [ INFO ] [BD:51] tabla creada con exito
[2024-05-29 21:14:01] [ WARN ] [BD:54] La base de datos puede que ya esté siendo utilizada: "/Users/anahiantoalzamora/C2ClinicaOdontologica.mv.db". Soluciones Posibles: cierre todas las otras conexiones; use el modo server
Database may be already in use: "/Users/anahiantoalzamora/C2ClinicaOdontologica.mv.db". Possible solutions: close all other connection(s); use the server mode [90020-224]
[2024-05-29 21:14:16] [ INFO ] [BD:51] tabla creada con exito
[2024-05-29 21:15:03] [ INFO ] [OdontologoDaoH2:25] iniciando la operacion de guardado
[2024-05-29 21:15:03] [ INFO ] [OdontologoDaoH2:30] Conexion a la BD ODONTOLOGOS establecida
[2024-05-29 21:15:03] [ INFO ] [OdontologoDaoH2:40] Odontologo guardado:Luisito
[2024-05-29 21:18:47] [ INFO ] [BD:51] tabla creada con exito
[2024-05-29 21:46:21] [ INFO ] [BD:51] tabla creada con exito
[2024-05-29 21:46:54] [ INFO ] [OdontologoDaoH2:25] iniciando la operacion de guardado
[2024-05-29 21:46:54] [ INFO ] [OdontologoDaoH2:30] Conexion a la BD ODONTOLOGOS establecida
[2024-05-29 21:46:54] [ INFO ] [OdontologoDaoH2:40] Odontologo guardado:Luisito
[2024-05-29 21:50:47] [ INFO ] [BD:51] tabla creada con exito
[2024-05-29 21:51:36] [ INFO ] [BD:51] tabla creada con exito
[2024-05-29 21:51:46] [ INFO ] [DomicilioDaoH2:22] iniciando la operacion de guardado
[2024-05-29 21:51:46] [ INFO ] [DomicilioDaoH2:26] Conexion a la BD PACIENTES establecida
[2024-05-29 21:51:46] [ INFO ] [DomicilioDaoH2:38] Domicilio guardado con ID: 3
[2024-05-29 21:51:46] [ INFO ] [PacienteDAOH2:24] iniciando la operacion de guardado
[2024-05-29 21:51:46] [ INFO ] [PacienteDAOH2:28] Conexion a la BD PACIENTES establecida
[2024-05-29 21:51:46] [ INFO ] [PacienteDAOH2:40] Paciente guardado:Juanita
[2024-05-29 21:52:11] [ INFO ] [OdontologoDaoH2:25] iniciando la operacion de guardado
[2024-05-29 21:52:11] [ INFO ] [OdontologoDaoH2:30] Conexion a la BD ODONTOLOGOS establecida
[2024-05-29 21:52:11] [ INFO ] [OdontologoDaoH2:40] Odontologo guardado:Luisito
[2024-05-29 22:03:58] [ INFO ] [BD:51] tabla creada con exito
[2024-05-29 22:04:09] [ INFO ] [BD:51] tabla creada con exito
[2024-05-29 22:04:15] [ INFO ] [BD:51] tabla creada con exito
[2024-05-29 22:05:55] [ INFO ] [BD:51] tabla creada con exito
[2024-05-29 22:06:09] [ INFO ] [DomicilioDaoH2:22] iniciando la operacion de guardado
[2024-05-29 22:06:09] [ INFO ] [DomicilioDaoH2:26] Conexion a la BD PACIENTES establecida
[2024-05-29 22:06:09] [ INFO ] [DomicilioDaoH2:38] Domicilio guardado con ID: 3
[2024-05-29 22:06:09] [ INFO ] [PacienteDAOH2:24] iniciando la operacion de guardado
[2024-05-29 22:06:09] [ INFO ] [PacienteDAOH2:28] Conexion a la BD PACIENTES establecida
[2024-05-29 22:06:09] [ INFO ] [PacienteDAOH2:40] Paciente guardado:Juanita
[2024-05-29 22:06:24] [ INFO ] [OdontologoDaoH2:25] iniciando la operacion de guardado
[2024-05-29 22:06:24] [ INFO ] [OdontologoDaoH2:30] Conexion a la BD ODONTOLOGOS establecida
[2024-05-29 22:06:24] [ INFO ] [OdontologoDaoH2:40] Odontologo guardado:Luisito
[2024-05-29 22:07:43] [ INFO ] [BD:51] tabla creada con exito
[2024-05-29 22:18:25] [ INFO ] [BD:51] tabla creada con exito
[2024-05-29 22:19:14] [ INFO ] [DomicilioDaoH2:22] iniciando la operacion de guardado
[2024-05-29 22:19:14] [ INFO ] [DomicilioDaoH2:26] Conexion a la BD PACIENTES establecida
[2024-05-29 22:19:14] [ INFO ] [DomicilioDaoH2:38] Domicilio guardado con ID: 3
[2024-05-29 22:19:14] [ INFO ] [PacienteDAOH2:24] iniciando la operacion de guardado
[2024-05-29 22:19:14] [ INFO ] [PacienteDAOH2:28] Conexion a la BD PACIENTES establecida
[2024-05-29 22:19:14] [ INFO ] [PacienteDAOH2:40] Paciente guardado:Juanita
[2024-05-29 22:19:20] [ INFO ] [OdontologoDaoH2:25] iniciando la operacion de guardado
[2024-05-29 22:19:20] [ INFO ] [OdontologoDaoH2:30] Conexion a la BD ODONTOLOGOS establecida
[2024-05-29 22:19:20] [ INFO ] [OdontologoDaoH2:40] Odontologo guardado:Luisito
[2024-05-29 22:23:02] [ INFO ] [BD:51] tabla creada con exito
[2024-05-29 22:23:32] [ INFO ] [DomicilioDaoH2:22] iniciando la operacion de guardado
[2024-05-29 22:23:32] [ INFO ] [DomicilioDaoH2:26] Conexion a la BD PACIENTES establecida
[2024-05-29 22:23:32] [ INFO ] [DomicilioDaoH2:38] Domicilio guardado con ID: 3
[2024-05-29 22:23:32] [ INFO ] [PacienteDAOH2:24] iniciando la operacion de guardado
[2024-05-29 22:23:32] [ INFO ] [PacienteDAOH2:28] Conexion a la BD PACIENTES establecida
[2024-05-29 22:23:32] [ INFO ] [PacienteDAOH2:40] Paciente guardado:Juanita
[2024-05-29 22:23:36] [ INFO ] [OdontologoDaoH2:25] iniciando la operacion de guardado
[2024-05-29 22:23:36] [ INFO ] [OdontologoDaoH2:30] Conexion a la BD ODONTOLOGOS establecida
[2024-05-29 22:23:36] [ INFO ] [OdontologoDaoH2:40] Odontologo guardado:Luisito
[2024-05-29 22:23:53] [ INFO ] [BD:51] tabla creada con exito
[2024-05-29 22:24:11] [ INFO ] [DomicilioDaoH2:22] iniciando la operacion de guardado
[2024-05-29 22:24:11] [ INFO ] [DomicilioDaoH2:26] Conexion a la BD PACIENTES establecida
[2024-05-29 22:24:11] [ INFO ] [DomicilioDaoH2:38] Domicilio guardado con ID: 3
[2024-05-29 22:24:11] [ INFO ] [PacienteDAOH2:24] iniciando la operacion de guardado
[2024-05-29 22:24:11] [ INFO ] [PacienteDAOH2:28] Conexion a la BD PACIENTES establecida
[2024-05-29 22:24:11] [ INFO ] [PacienteDAOH2:40] Paciente guardado:Juanita
[2024-05-29 22:24:18] [ INFO ] [OdontologoDaoH2:25] iniciando la operacion de guardado
[2024-05-29 22:24:18] [ INFO ] [OdontologoDaoH2:30] Conexion a la BD ODONTOLOGOS establecida
[2024-05-29 22:24:18] [ INFO ] [OdontologoDaoH2:40] Odontologo guardado:Luisito
[2024-05-29 22:28:52] [ INFO ] [BD:51] tabla creada con exito
[2024-05-29 22:29:02] [ INFO ] [DomicilioDaoH2:22] iniciando la operacion de guardado
[2024-05-29 22:29:02] [ INFO ] [DomicilioDaoH2:26] Conexion a la BD PACIENTES establecida
[2024-05-29 22:29:02] [ INFO ] [DomicilioDaoH2:38] Domicilio guardado con ID: 3
[2024-05-29 22:29:02] [ INFO ] [PacienteDAOH2:24] iniciando la operacion de guardado
[2024-05-29 22:29:02] [ INFO ] [PacienteDAOH2:28] Conexion a la BD PACIENTES establecida
[2024-05-29 22:29:02] [ INFO ] [PacienteDAOH2:40] Paciente guardado:Juanita
[2024-05-29 22:29:09] [ INFO ] [OdontologoDaoH2:25] iniciando la operacion de guardado
[2024-05-29 22:29:09] [ INFO ] [OdontologoDaoH2:30] Conexion a la BD ODONTOLOGOS establecida
[2024-05-29 22:29:09] [ INFO ] [OdontologoDaoH2:40] Odontologo guardado:Luisito
[2024-05-29 22:29:49] [ INFO ] [DomicilioDaoH2:22] iniciando la operacion de guardado
[2024-05-29 22:29:49] [ INFO ] [DomicilioDaoH2:26] Conexion a la BD PACIENTES establecida
[2024-05-29 22:29:49] [ INFO ] [DomicilioDaoH2:38] Domicilio guardado con ID: 4
[2024-05-29 22:29:49] [ INFO ] [PacienteDAOH2:24] iniciando la operacion de guardado
[2024-05-29 22:29:49] [ INFO ] [PacienteDAOH2:28] Conexion a la BD PACIENTES establecida
[2024-05-29 22:29:49] [ INFO ] [PacienteDAOH2:40] Paciente guardado:Juanita
[2024-05-29 22:29:55] [ INFO ] [OdontologoDaoH2:25] iniciando la operacion de guardado
[2024-05-29 22:29:55] [ INFO ] [OdontologoDaoH2:30] Conexion a la BD ODONTOLOGOS establecida
[2024-05-29 22:29:55] [ INFO ] [OdontologoDaoH2:40] Odontologo guardado:Luisito
[2024-05-29 22:30:52] [ INFO ] [BD:51] tabla creada con exito
[2024-05-29 22:31:00] [ INFO ] [DomicilioDaoH2:22] iniciando la operacion de guardado
[2024-05-29 22:31:00] [ INFO ] [DomicilioDaoH2:26] Conexion a la BD PACIENTES establecida
[2024-05-29 22:31:00] [ INFO ] [DomicilioDaoH2:38] Domicilio guardado con ID: 3
[2024-05-29 22:31:00] [ INFO ] [PacienteDAOH2:24] iniciando la operacion de guardado
[2024-05-29 22:31:00] [ INFO ] [PacienteDAOH2:28] Conexion a la BD PACIENTES establecida
[2024-05-29 22:31:00] [ INFO ] [PacienteDAOH2:40] Paciente guardado:Juanita
[2024-05-29 22:31:06] [ INFO ] [OdontologoDaoH2:25] iniciando la operacion de guardado
[2024-05-29 22:31:06] [ INFO ] [OdontologoDaoH2:30] Conexion a la BD ODONTOLOGOS establecida
[2024-05-29 22:31:06] [ INFO ] [OdontologoDaoH2:40] Odontologo guardado:Luisito
[2024-05-29 22:31:39] [ INFO ] [BD:51] tabla creada con exito
[2024-05-29 22:31:59] [ INFO ] [BD:51] tabla creada con exito
[2024-05-29 22:33:01] [ INFO ] [BD:51] tabla creada con exito
[2024-05-29 22:34:46] [ INFO ] [BD:51] tabla creada con exito
[2024-05-29 22:36:58] [ INFO ] [BD:51] tabla creada con exito
[2024-06-05 21:44:48] [ INFO ] [BD:51] tabla creada con exito
